{
  "stats": {
    "suites": 4,
    "tests": 16,
    "passes": 16,
    "pending": 0,
    "failures": 0,
    "start": "2021-10-28T21:17:32.970Z",
    "end": "2021-10-28T21:27:12.113Z",
    "duration": 17888,
    "testsRegistered": 16,
    "passPercent": 100,
    "pendingPercent": 0,
    "other": 0,
    "hasOther": false,
    "skipped": 0,
    "hasSkipped": false
  },
  "results": [
    {
      "uuid": "43441949-9da4-4c2c-a231-d17afca8130d",
      "title": "",
      "fullFile": "cypress/integration/backend-auth.spec.js",
      "file": "cypress/integration/backend-auth.spec.js",
      "beforeHooks": [],
      "afterHooks": [],
      "tests": [],
      "suites": [
        {
          "uuid": "2beef864-ed31-40a6-930d-80feae840c38",
          "title": "test auth",
          "fullFile": "",
          "file": "",
          "beforeHooks": [],
          "afterHooks": [],
          "tests": [
            {
              "title": "Create client",
              "fullTitle": "test auth Create client",
              "timedOut": null,
              "duration": 1136,
              "state": "passed",
              "speed": "slow",
              "pass": true,
              "fail": false,
              "pending": false,
              "context": null,
              "code": "clientHelp.createCLientRequest(cy);",
              "err": {},
              "uuid": "fb995070-ced2-4f5b-a37f-4ea037325eab",
              "parentUUID": "2beef864-ed31-40a6-930d-80feae840c38",
              "isHook": false,
              "skipped": false
            },
            {
              "title": "Get all clients",
              "fullTitle": "test auth Get all clients",
              "timedOut": null,
              "duration": 609,
              "state": "passed",
              "speed": "slow",
              "pass": true,
              "fail": false,
              "pending": false,
              "context": null,
              "code": "clientHelp.getAllClientsRequest(cy);",
              "err": {},
              "uuid": "fca35f5f-442f-4e77-87ec-0f978d5941bf",
              "parentUUID": "2beef864-ed31-40a6-930d-80feae840c38",
              "isHook": false,
              "skipped": false
            },
            {
              "title": "Create a client and remove it",
              "fullTitle": "test auth Create a client and remove it",
              "timedOut": null,
              "duration": 2038,
              "state": "passed",
              "speed": "slow",
              "pass": true,
              "fail": false,
              "pending": false,
              "context": null,
              "code": "clientHelp.createCLientRequestAndDelete(cy);",
              "err": {},
              "uuid": "a7a545ac-a613-4d49-a682-494fb68ec782",
              "parentUUID": "2beef864-ed31-40a6-930d-80feae840c38",
              "isHook": false,
              "skipped": false
            },
            {
              "title": "Create a client and update it",
              "fullTitle": "test auth Create a client and update it",
              "timedOut": null,
              "duration": 985,
              "state": "passed",
              "speed": "slow",
              "pass": true,
              "fail": false,
              "pending": false,
              "context": null,
              "code": "clientHelp.createCLientRequestAndUpdate(cy);",
              "err": {},
              "uuid": "ae5cdf6a-f5d1-4841-9b3b-a9b82bf0c888",
              "parentUUID": "2beef864-ed31-40a6-930d-80feae840c38",
              "isHook": false,
              "skipped": false
            }
          ],
          "suites": [],
          "passes": [
            "fb995070-ced2-4f5b-a37f-4ea037325eab",
            "fca35f5f-442f-4e77-87ec-0f978d5941bf",
            "a7a545ac-a613-4d49-a682-494fb68ec782",
            "ae5cdf6a-f5d1-4841-9b3b-a9b82bf0c888"
          ],
          "failures": [],
          "pending": [],
          "skipped": [],
          "duration": 4768,
          "root": false,
          "rootEmpty": false,
          "_timeout": 2000
        }
      ],
      "passes": [],
      "failures": [],
      "pending": [],
      "skipped": [],
      "duration": 0,
      "root": true,
      "rootEmpty": true,
      "_timeout": 2000
    },
    {
      "uuid": "5b9b3fdc-433d-4d89-a442-654f090d886f",
      "title": "",
      "fullFile": "cypress/integration/backend-auth2.spec.js",
      "file": "cypress/integration/backend-auth2.spec.js",
      "beforeHooks": [],
      "afterHooks": [],
      "tests": [],
      "suites": [
        {
          "uuid": "e47f68b5-cbb3-447b-b490-7e849eec105a",
          "title": "test auth",
          "fullFile": "",
          "file": "",
          "beforeHooks": [],
          "afterHooks": [],
          "tests": [
            {
              "title": "Create room",
              "fullTitle": "test auth Create room",
              "timedOut": null,
              "duration": 2836,
              "state": "passed",
              "speed": "slow",
              "pass": true,
              "fail": false,
              "pending": false,
              "context": null,
              "code": "roomHelp.createRoomRequest(cy);",
              "err": {},
              "uuid": "50d2d0f5-2453-4498-81aa-afeedd647578",
              "parentUUID": "e47f68b5-cbb3-447b-b490-7e849eec105a",
              "isHook": false,
              "skipped": false
            },
            {
              "title": "Get all rooms",
              "fullTitle": "test auth Get all rooms",
              "timedOut": null,
              "duration": 736,
              "state": "passed",
              "speed": "slow",
              "pass": true,
              "fail": false,
              "pending": false,
              "context": null,
              "code": "roomHelp.getAllRoomsRequest(cy);",
              "err": {},
              "uuid": "8c1f76f4-f00f-4e6e-bc77-cb96daadfa25",
              "parentUUID": "e47f68b5-cbb3-447b-b490-7e849eec105a",
              "isHook": false,
              "skipped": false
            },
            {
              "title": "Create a room and remove it",
              "fullTitle": "test auth Create a room and remove it",
              "timedOut": null,
              "duration": 972,
              "state": "passed",
              "speed": "slow",
              "pass": true,
              "fail": false,
              "pending": false,
              "context": null,
              "code": "roomHelp.createRoomRequestAndDelete(cy);",
              "err": {},
              "uuid": "5d20357e-d2de-497e-8be0-aec6a5336122",
              "parentUUID": "e47f68b5-cbb3-447b-b490-7e849eec105a",
              "isHook": false,
              "skipped": false
            },
            {
              "title": "Create a room and update it",
              "fullTitle": "test auth Create a room and update it",
              "timedOut": null,
              "duration": 1327,
              "state": "passed",
              "speed": "slow",
              "pass": true,
              "fail": false,
              "pending": false,
              "context": null,
              "code": "roomHelp.createRoomRequestAndUpdate(cy);",
              "err": {},
              "uuid": "b3b47aca-4bc8-446c-8380-1cd639dbe075",
              "parentUUID": "e47f68b5-cbb3-447b-b490-7e849eec105a",
              "isHook": false,
              "skipped": false
            }
          ],
          "suites": [],
          "passes": [
            "50d2d0f5-2453-4498-81aa-afeedd647578",
            "8c1f76f4-f00f-4e6e-bc77-cb96daadfa25",
            "5d20357e-d2de-497e-8be0-aec6a5336122",
            "b3b47aca-4bc8-446c-8380-1cd639dbe075"
          ],
          "failures": [],
          "pending": [],
          "skipped": [],
          "duration": 5871,
          "root": false,
          "rootEmpty": false,
          "_timeout": 2000
        }
      ],
      "passes": [],
      "failures": [],
      "pending": [],
      "skipped": [],
      "duration": 0,
      "root": true,
      "rootEmpty": true,
      "_timeout": 2000
    },
    {
      "uuid": "13b3737e-09d0-4231-bfa1-cb9e770bb496",
      "title": "",
      "fullFile": "cypress/integration/backend-auth3.spec.js",
      "file": "cypress/integration/backend-auth3.spec.js",
      "beforeHooks": [],
      "afterHooks": [],
      "tests": [],
      "suites": [
        {
          "uuid": "07a99f76-9f87-4fe6-b67b-4145e892d7d6",
          "title": "test auth",
          "fullFile": "",
          "file": "",
          "beforeHooks": [],
          "afterHooks": [],
          "tests": [
            {
              "title": "Create bill",
              "fullTitle": "test auth Create bill",
              "timedOut": null,
              "duration": 1013,
              "state": "passed",
              "speed": "slow",
              "pass": true,
              "fail": false,
              "pending": false,
              "context": null,
              "code": "billHelp.createBillRequest(cy);",
              "err": {},
              "uuid": "1dc4ad0d-9471-47a7-88b8-758938f7f758",
              "parentUUID": "07a99f76-9f87-4fe6-b67b-4145e892d7d6",
              "isHook": false,
              "skipped": false
            },
            {
              "title": "Get all bills",
              "fullTitle": "test auth Get all bills",
              "timedOut": null,
              "duration": 754,
              "state": "passed",
              "speed": "slow",
              "pass": true,
              "fail": false,
              "pending": false,
              "context": null,
              "code": "billHelp.getAllBillsRequest(cy);",
              "err": {},
              "uuid": "0a9d14de-1ead-4ff7-8805-42d3825a2a76",
              "parentUUID": "07a99f76-9f87-4fe6-b67b-4145e892d7d6",
              "isHook": false,
              "skipped": false
            },
            {
              "title": "Create a bill and remove it",
              "fullTitle": "test auth Create a bill and remove it",
              "timedOut": null,
              "duration": 1780,
              "state": "passed",
              "speed": "slow",
              "pass": true,
              "fail": false,
              "pending": false,
              "context": null,
              "code": "billHelp.createBillRequestAndDelete(cy);",
              "err": {},
              "uuid": "4bc96d6f-64a6-48cf-a446-ed60cd5273d1",
              "parentUUID": "07a99f76-9f87-4fe6-b67b-4145e892d7d6",
              "isHook": false,
              "skipped": false
            },
            {
              "title": "Create a bill and update it",
              "fullTitle": "test auth Create a bill and update it",
              "timedOut": null,
              "duration": 770,
              "state": "passed",
              "speed": "slow",
              "pass": true,
              "fail": false,
              "pending": false,
              "context": null,
              "code": "billHelp.createBillRequestAndUpdate(cy);",
              "err": {},
              "uuid": "64104740-941b-4f37-bef6-2176b026e050",
              "parentUUID": "07a99f76-9f87-4fe6-b67b-4145e892d7d6",
              "isHook": false,
              "skipped": false
            }
          ],
          "suites": [],
          "passes": [
            "1dc4ad0d-9471-47a7-88b8-758938f7f758",
            "0a9d14de-1ead-4ff7-8805-42d3825a2a76",
            "4bc96d6f-64a6-48cf-a446-ed60cd5273d1",
            "64104740-941b-4f37-bef6-2176b026e050"
          ],
          "failures": [],
          "pending": [],
          "skipped": [],
          "duration": 4317,
          "root": false,
          "rootEmpty": false,
          "_timeout": 2000
        }
      ],
      "passes": [],
      "failures": [],
      "pending": [],
      "skipped": [],
      "duration": 0,
      "root": true,
      "rootEmpty": true,
      "_timeout": 2000
    },
    {
      "uuid": "23a4f84c-7753-4e1b-97b9-6f716cab932d",
      "title": "",
      "fullFile": "cypress/integration/backend-auth4.spec.js",
      "file": "cypress/integration/backend-auth4.spec.js",
      "beforeHooks": [],
      "afterHooks": [],
      "tests": [],
      "suites": [
        {
          "uuid": "a0802aae-4984-409c-8eb8-8d8bef77316a",
          "title": "test auth",
          "fullFile": "",
          "file": "",
          "beforeHooks": [],
          "afterHooks": [],
          "tests": [
            {
              "title": "Create reservation",
              "fullTitle": "test auth Create reservation",
              "timedOut": null,
              "duration": 860,
              "state": "passed",
              "speed": "slow",
              "pass": true,
              "fail": false,
              "pending": false,
              "context": null,
              "code": "reservationHelp.createReservationRequest(cy);",
              "err": {},
              "uuid": "ee079c43-82d3-434b-849d-c5fd2311c5d2",
              "parentUUID": "a0802aae-4984-409c-8eb8-8d8bef77316a",
              "isHook": false,
              "skipped": false
            },
            {
              "title": "Get all reservations",
              "fullTitle": "test auth Get all reservations",
              "timedOut": null,
              "duration": 641,
              "state": "passed",
              "speed": "slow",
              "pass": true,
              "fail": false,
              "pending": false,
              "context": null,
              "code": "reservationHelp.getAllReservationsRequest(cy);",
              "err": {},
              "uuid": "70092993-a426-4417-8e54-20a3a083619f",
              "parentUUID": "a0802aae-4984-409c-8eb8-8d8bef77316a",
              "isHook": false,
              "skipped": false
            },
            {
              "title": "Create a reservation and remove it",
              "fullTitle": "test auth Create a reservation and remove it",
              "timedOut": null,
              "duration": 694,
              "state": "passed",
              "speed": "slow",
              "pass": true,
              "fail": false,
              "pending": false,
              "context": null,
              "code": "reservationHelp.createReservationRequestAndDelete(cy);",
              "err": {},
              "uuid": "b203ad06-712c-460f-ac8c-efea85cc3222",
              "parentUUID": "a0802aae-4984-409c-8eb8-8d8bef77316a",
              "isHook": false,
              "skipped": false
            },
            {
              "title": "Create a reservation and update it",
              "fullTitle": "test auth Create a reservation and update it",
              "timedOut": null,
              "duration": 737,
              "state": "passed",
              "speed": "slow",
              "pass": true,
              "fail": false,
              "pending": false,
              "context": null,
              "code": "reservationHelp.createReservationRequestAndUpdate(cy);",
              "err": {},
              "uuid": "c7e8e9dc-1f85-4cdc-b5d0-2ee2d6b77fc6",
              "parentUUID": "a0802aae-4984-409c-8eb8-8d8bef77316a",
              "isHook": false,
              "skipped": false
            }
          ],
          "suites": [],
          "passes": [
            "ee079c43-82d3-434b-849d-c5fd2311c5d2",
            "70092993-a426-4417-8e54-20a3a083619f",
            "b203ad06-712c-460f-ac8c-efea85cc3222",
            "c7e8e9dc-1f85-4cdc-b5d0-2ee2d6b77fc6"
          ],
          "failures": [],
          "pending": [],
          "skipped": [],
          "duration": 2932,
          "root": false,
          "rootEmpty": false,
          "_timeout": 2000
        }
      ],
      "passes": [],
      "failures": [],
      "pending": [],
      "skipped": [],
      "duration": 0,
      "root": true,
      "rootEmpty": true,
      "_timeout": 2000
    }
  ],
  "meta": {
    "mocha": {
      "version": "7.0.1"
    },
    "mochawesome": {
      "options": {
        "quiet": false,
        "reportFilename": "mochawesome",
        "saveHtml": false,
        "saveJson": true,
        "consoleReporter": "spec",
        "useInlineDiffs": false,
        "code": true
      },
      "version": "6.3.1"
    },
    "marge": {
      "options": {
        "charts": true,
        "overwrite": false,
        "html": false,
        "json": true,
        "reportDir": "cypress/report/mochawesome-report"
      },
      "version": "5.2.0"
    }
  }
}