{
  "stats": {
    "suites": 4,
    "tests": 16,
    "passes": 16,
    "pending": 0,
    "failures": 0,
    "start": "2021-10-28T22:23:22.573Z",
    "end": "2021-10-28T22:34:28.176Z",
    "duration": 24535,
    "testsRegistered": 16,
    "passPercent": 100,
    "pendingPercent": 0,
    "other": 0,
    "hasOther": false,
    "skipped": 0,
    "hasSkipped": false
  },
  "results": [
    {
      "uuid": "e64e3f49-8b4b-4743-9e81-34eee6cd7959",
      "title": "",
      "fullFile": "cypress/integration/backend-auth.spec.js",
      "file": "cypress/integration/backend-auth.spec.js",
      "beforeHooks": [],
      "afterHooks": [],
      "tests": [],
      "suites": [
        {
          "uuid": "fd69c5fe-4bd9-483c-8e1f-8a812f6c4294",
          "title": "test auth",
          "fullFile": "",
          "file": "",
          "beforeHooks": [],
          "afterHooks": [],
          "tests": [
            {
              "title": "Create client",
              "fullTitle": "test auth Create client",
              "timedOut": null,
              "duration": 3255,
              "state": "passed",
              "speed": "slow",
              "pass": true,
              "fail": false,
              "pending": false,
              "context": null,
              "code": "clientHelp.createCLientRequest(cy);",
              "err": {},
              "uuid": "e54c93da-76bd-44ff-ae63-f0977c89ea5b",
              "parentUUID": "fd69c5fe-4bd9-483c-8e1f-8a812f6c4294",
              "isHook": false,
              "skipped": false
            },
            {
              "title": "Get all clients",
              "fullTitle": "test auth Get all clients",
              "timedOut": null,
              "duration": 779,
              "state": "passed",
              "speed": "slow",
              "pass": true,
              "fail": false,
              "pending": false,
              "context": null,
              "code": "clientHelp.getAllClientsRequest(cy);",
              "err": {},
              "uuid": "9dfbca51-c639-444d-811b-e2b29c6fb86a",
              "parentUUID": "fd69c5fe-4bd9-483c-8e1f-8a812f6c4294",
              "isHook": false,
              "skipped": false
            },
            {
              "title": "Create a client and remove it",
              "fullTitle": "test auth Create a client and remove it",
              "timedOut": null,
              "duration": 750,
              "state": "passed",
              "speed": "slow",
              "pass": true,
              "fail": false,
              "pending": false,
              "context": null,
              "code": "clientHelp.createCLientRequestAndDelete(cy);",
              "err": {},
              "uuid": "8ea028ea-f65c-4fcd-b15e-33d71cc015cb",
              "parentUUID": "fd69c5fe-4bd9-483c-8e1f-8a812f6c4294",
              "isHook": false,
              "skipped": false
            },
            {
              "title": "Create a client and update it",
              "fullTitle": "test auth Create a client and update it",
              "timedOut": null,
              "duration": 1621,
              "state": "passed",
              "speed": "slow",
              "pass": true,
              "fail": false,
              "pending": false,
              "context": null,
              "code": "clientHelp.createCLientRequestAndUpdate(cy);",
              "err": {},
              "uuid": "96066634-9748-4e40-9870-d3a4fc3683b1",
              "parentUUID": "fd69c5fe-4bd9-483c-8e1f-8a812f6c4294",
              "isHook": false,
              "skipped": false
            }
          ],
          "suites": [],
          "passes": [
            "e54c93da-76bd-44ff-ae63-f0977c89ea5b",
            "9dfbca51-c639-444d-811b-e2b29c6fb86a",
            "8ea028ea-f65c-4fcd-b15e-33d71cc015cb",
            "96066634-9748-4e40-9870-d3a4fc3683b1"
          ],
          "failures": [],
          "pending": [],
          "skipped": [],
          "duration": 6405,
          "root": false,
          "rootEmpty": false,
          "_timeout": 2000
        }
      ],
      "passes": [],
      "failures": [],
      "pending": [],
      "skipped": [],
      "duration": 0,
      "root": true,
      "rootEmpty": true,
      "_timeout": 2000
    },
    {
      "uuid": "3c6f342e-b880-4910-9f1c-5860a5238099",
      "title": "",
      "fullFile": "cypress/integration/backend-auth2.spec.js",
      "file": "cypress/integration/backend-auth2.spec.js",
      "beforeHooks": [],
      "afterHooks": [],
      "tests": [],
      "suites": [
        {
          "uuid": "de656c70-857f-43c9-b33e-1faa5293b7f7",
          "title": "test auth",
          "fullFile": "",
          "file": "",
          "beforeHooks": [],
          "afterHooks": [],
          "tests": [
            {
              "title": "Create room",
              "fullTitle": "test auth Create room",
              "timedOut": null,
              "duration": 1933,
              "state": "passed",
              "speed": "slow",
              "pass": true,
              "fail": false,
              "pending": false,
              "context": null,
              "code": "roomHelp.createRoomRequest(cy);",
              "err": {},
              "uuid": "aa47de21-35eb-44ee-a19b-395fd71cdc36",
              "parentUUID": "de656c70-857f-43c9-b33e-1faa5293b7f7",
              "isHook": false,
              "skipped": false
            },
            {
              "title": "Get all rooms",
              "fullTitle": "test auth Get all rooms",
              "timedOut": null,
              "duration": 1133,
              "state": "passed",
              "speed": "slow",
              "pass": true,
              "fail": false,
              "pending": false,
              "context": null,
              "code": "roomHelp.getAllRoomsRequest(cy);",
              "err": {},
              "uuid": "d58c2a63-d71e-4be2-864e-10cf80e547b6",
              "parentUUID": "de656c70-857f-43c9-b33e-1faa5293b7f7",
              "isHook": false,
              "skipped": false
            },
            {
              "title": "Create a room and remove it",
              "fullTitle": "test auth Create a room and remove it",
              "timedOut": null,
              "duration": 2793,
              "state": "passed",
              "speed": "slow",
              "pass": true,
              "fail": false,
              "pending": false,
              "context": null,
              "code": "roomHelp.createRoomRequestAndDelete(cy);",
              "err": {},
              "uuid": "b0ba5a76-3c49-4cf8-acf5-ffbcc774d68b",
              "parentUUID": "de656c70-857f-43c9-b33e-1faa5293b7f7",
              "isHook": false,
              "skipped": false
            },
            {
              "title": "Create a room and update it",
              "fullTitle": "test auth Create a room and update it",
              "timedOut": null,
              "duration": 1477,
              "state": "passed",
              "speed": "slow",
              "pass": true,
              "fail": false,
              "pending": false,
              "context": null,
              "code": "roomHelp.createRoomRequestAndUpdate(cy);",
              "err": {},
              "uuid": "f3d01318-9757-4c05-94c1-3d5a9851a409",
              "parentUUID": "de656c70-857f-43c9-b33e-1faa5293b7f7",
              "isHook": false,
              "skipped": false
            }
          ],
          "suites": [],
          "passes": [
            "aa47de21-35eb-44ee-a19b-395fd71cdc36",
            "d58c2a63-d71e-4be2-864e-10cf80e547b6",
            "b0ba5a76-3c49-4cf8-acf5-ffbcc774d68b",
            "f3d01318-9757-4c05-94c1-3d5a9851a409"
          ],
          "failures": [],
          "pending": [],
          "skipped": [],
          "duration": 7336,
          "root": false,
          "rootEmpty": false,
          "_timeout": 2000
        }
      ],
      "passes": [],
      "failures": [],
      "pending": [],
      "skipped": [],
      "duration": 0,
      "root": true,
      "rootEmpty": true,
      "_timeout": 2000
    },
    {
      "uuid": "903815d7-76e6-4b1c-adbe-909be33553b6",
      "title": "",
      "fullFile": "cypress/integration/backend-auth3.spec.js",
      "file": "cypress/integration/backend-auth3.spec.js",
      "beforeHooks": [],
      "afterHooks": [],
      "tests": [],
      "suites": [
        {
          "uuid": "e00842a9-1002-4a78-9057-2c90132e8bfb",
          "title": "test auth",
          "fullFile": "",
          "file": "",
          "beforeHooks": [],
          "afterHooks": [],
          "tests": [
            {
              "title": "Create bill",
              "fullTitle": "test auth Create bill",
              "timedOut": null,
              "duration": 1849,
              "state": "passed",
              "speed": "slow",
              "pass": true,
              "fail": false,
              "pending": false,
              "context": null,
              "code": "billHelp.createBillRequest(cy);",
              "err": {},
              "uuid": "f3dea3e2-9011-4dd5-81d0-110e002fef78",
              "parentUUID": "e00842a9-1002-4a78-9057-2c90132e8bfb",
              "isHook": false,
              "skipped": false
            },
            {
              "title": "Get all bills",
              "fullTitle": "test auth Get all bills",
              "timedOut": null,
              "duration": 700,
              "state": "passed",
              "speed": "slow",
              "pass": true,
              "fail": false,
              "pending": false,
              "context": null,
              "code": "billHelp.getAllBillsRequest(cy);",
              "err": {},
              "uuid": "4eb33c1e-da27-4571-b787-a722def7aeb2",
              "parentUUID": "e00842a9-1002-4a78-9057-2c90132e8bfb",
              "isHook": false,
              "skipped": false
            },
            {
              "title": "Create a bill and remove it",
              "fullTitle": "test auth Create a bill and remove it",
              "timedOut": null,
              "duration": 1969,
              "state": "passed",
              "speed": "slow",
              "pass": true,
              "fail": false,
              "pending": false,
              "context": null,
              "code": "billHelp.createBillRequestAndDelete(cy);",
              "err": {},
              "uuid": "3f67a45e-6e23-4f5e-945a-02401ae052f2",
              "parentUUID": "e00842a9-1002-4a78-9057-2c90132e8bfb",
              "isHook": false,
              "skipped": false
            },
            {
              "title": "Create a bill and update it",
              "fullTitle": "test auth Create a bill and update it",
              "timedOut": null,
              "duration": 1517,
              "state": "passed",
              "speed": "slow",
              "pass": true,
              "fail": false,
              "pending": false,
              "context": null,
              "code": "billHelp.createBillRequestAndUpdate(cy);",
              "err": {},
              "uuid": "64bfb18d-9595-4895-b824-3b27a0ea670e",
              "parentUUID": "e00842a9-1002-4a78-9057-2c90132e8bfb",
              "isHook": false,
              "skipped": false
            }
          ],
          "suites": [],
          "passes": [
            "f3dea3e2-9011-4dd5-81d0-110e002fef78",
            "4eb33c1e-da27-4571-b787-a722def7aeb2",
            "3f67a45e-6e23-4f5e-945a-02401ae052f2",
            "64bfb18d-9595-4895-b824-3b27a0ea670e"
          ],
          "failures": [],
          "pending": [],
          "skipped": [],
          "duration": 6035,
          "root": false,
          "rootEmpty": false,
          "_timeout": 2000
        }
      ],
      "passes": [],
      "failures": [],
      "pending": [],
      "skipped": [],
      "duration": 0,
      "root": true,
      "rootEmpty": true,
      "_timeout": 2000
    },
    {
      "uuid": "570bffc2-3b44-44a6-8b1f-84787d51bf68",
      "title": "",
      "fullFile": "cypress/integration/backend-auth4.spec.js",
      "file": "cypress/integration/backend-auth4.spec.js",
      "beforeHooks": [],
      "afterHooks": [],
      "tests": [],
      "suites": [
        {
          "uuid": "dfa09098-7bf7-43a7-bee0-2547b97a2de9",
          "title": "test auth",
          "fullFile": "",
          "file": "",
          "beforeHooks": [],
          "afterHooks": [],
          "tests": [
            {
              "title": "Create reservation",
              "fullTitle": "test auth Create reservation",
              "timedOut": null,
              "duration": 1206,
              "state": "passed",
              "speed": "slow",
              "pass": true,
              "fail": false,
              "pending": false,
              "context": null,
              "code": "reservationHelp.createReservationRequest(cy);",
              "err": {},
              "uuid": "36ddec6b-4541-4060-addc-43dade5fc429",
              "parentUUID": "dfa09098-7bf7-43a7-bee0-2547b97a2de9",
              "isHook": false,
              "skipped": false
            },
            {
              "title": "Get all reservations",
              "fullTitle": "test auth Get all reservations",
              "timedOut": null,
              "duration": 965,
              "state": "passed",
              "speed": "slow",
              "pass": true,
              "fail": false,
              "pending": false,
              "context": null,
              "code": "reservationHelp.getAllReservationsRequest(cy);",
              "err": {},
              "uuid": "870572f0-e9e4-4234-8cca-4e86d870723a",
              "parentUUID": "dfa09098-7bf7-43a7-bee0-2547b97a2de9",
              "isHook": false,
              "skipped": false
            },
            {
              "title": "Create a reservation and remove it",
              "fullTitle": "test auth Create a reservation and remove it",
              "timedOut": null,
              "duration": 812,
              "state": "passed",
              "speed": "slow",
              "pass": true,
              "fail": false,
              "pending": false,
              "context": null,
              "code": "reservationHelp.createReservationRequestAndDelete(cy);",
              "err": {},
              "uuid": "c36a3884-fbbc-4b00-9a60-03e437d135b9",
              "parentUUID": "dfa09098-7bf7-43a7-bee0-2547b97a2de9",
              "isHook": false,
              "skipped": false
            },
            {
              "title": "Create a reservation and update it",
              "fullTitle": "test auth Create a reservation and update it",
              "timedOut": null,
              "duration": 1776,
              "state": "passed",
              "speed": "slow",
              "pass": true,
              "fail": false,
              "pending": false,
              "context": null,
              "code": "reservationHelp.createReservationRequestAndUpdate(cy);",
              "err": {},
              "uuid": "8adb4561-f03d-4d4d-be68-e15278f4f416",
              "parentUUID": "dfa09098-7bf7-43a7-bee0-2547b97a2de9",
              "isHook": false,
              "skipped": false
            }
          ],
          "suites": [],
          "passes": [
            "36ddec6b-4541-4060-addc-43dade5fc429",
            "870572f0-e9e4-4234-8cca-4e86d870723a",
            "c36a3884-fbbc-4b00-9a60-03e437d135b9",
            "8adb4561-f03d-4d4d-be68-e15278f4f416"
          ],
          "failures": [],
          "pending": [],
          "skipped": [],
          "duration": 4759,
          "root": false,
          "rootEmpty": false,
          "_timeout": 2000
        }
      ],
      "passes": [],
      "failures": [],
      "pending": [],
      "skipped": [],
      "duration": 0,
      "root": true,
      "rootEmpty": true,
      "_timeout": 2000
    }
  ],
  "meta": {
    "mocha": {
      "version": "7.0.1"
    },
    "mochawesome": {
      "options": {
        "quiet": false,
        "reportFilename": "mochawesome",
        "saveHtml": false,
        "saveJson": true,
        "consoleReporter": "spec",
        "useInlineDiffs": false,
        "code": true
      },
      "version": "6.3.1"
    },
    "marge": {
      "options": {
        "charts": true,
        "overwrite": false,
        "html": false,
        "json": true,
        "reportDir": "cypress/report/mochawesome-report"
      },
      "version": "5.2.0"
    }
  }
}