{
  "stats": {
    "suites": 1,
    "tests": 4,
    "passes": 4,
    "pending": 0,
    "failures": 0,
    "start": "2021-09-22T16:29:59.609Z",
    "end": "2021-09-22T16:30:03.123Z",
    "duration": 3514,
    "testsRegistered": 4,
    "passPercent": 100,
    "pendingPercent": 0,
    "other": 0,
    "hasOther": false,
    "skipped": 0,
    "hasSkipped": false
  },
  "results": [
    {
      "uuid": "102c5534-5a46-4dc2-a3e4-18650ee9a58b",
      "title": "",
      "fullFile": "cypress/integration/backend-auth.spec.js",
      "file": "cypress/integration/backend-auth.spec.js",
      "beforeHooks": [],
      "afterHooks": [],
      "tests": [],
      "suites": [
        {
          "uuid": "2f190ce0-6866-4d6e-ad8f-e2a409a62536",
          "title": "test auth",
          "fullFile": "",
          "file": "",
          "beforeHooks": [],
          "afterHooks": [],
          "tests": [
            {
              "title": "Create client",
              "fullTitle": "test auth Create client",
              "timedOut": null,
              "duration": 1126,
              "state": "passed",
              "speed": "slow",
              "pass": true,
              "fail": false,
              "pending": false,
              "context": null,
              "code": "clientHelp.createCLientRequest(cy);",
              "err": {},
              "uuid": "59f8e0da-7e46-4aed-b06e-5c0b88ef8584",
              "parentUUID": "2f190ce0-6866-4d6e-ad8f-e2a409a62536",
              "isHook": false,
              "skipped": false
            },
            {
              "title": "Get all clients",
              "fullTitle": "test auth Get all clients",
              "timedOut": null,
              "duration": 752,
              "state": "passed",
              "speed": "slow",
              "pass": true,
              "fail": false,
              "pending": false,
              "context": null,
              "code": "clientHelp.getAllClientsRequest(cy);",
              "err": {},
              "uuid": "4a950d27-3253-458c-8a83-561129850add",
              "parentUUID": "2f190ce0-6866-4d6e-ad8f-e2a409a62536",
              "isHook": false,
              "skipped": false
            },
            {
              "title": "Create a client and remove it",
              "fullTitle": "test auth Create a client and remove it",
              "timedOut": null,
              "duration": 680,
              "state": "passed",
              "speed": "slow",
              "pass": true,
              "fail": false,
              "pending": false,
              "context": null,
              "code": "clientHelp.createCLientRequestAndDelete(cy);",
              "err": {},
              "uuid": "0dda036f-af89-4371-ab96-1a78a62b91a1",
              "parentUUID": "2f190ce0-6866-4d6e-ad8f-e2a409a62536",
              "isHook": false,
              "skipped": false
            },
            {
              "title": "Create a client and update it",
              "fullTitle": "test auth Create a client and update it",
              "timedOut": null,
              "duration": 643,
              "state": "passed",
              "speed": "slow",
              "pass": true,
              "fail": false,
              "pending": false,
              "context": null,
              "code": "clientHelp.createCLientRequestAndUpdate(cy);",
              "err": {},
              "uuid": "2f976bd8-4f48-4612-a6b2-7f061ad67af5",
              "parentUUID": "2f190ce0-6866-4d6e-ad8f-e2a409a62536",
              "isHook": false,
              "skipped": false
            }
          ],
          "suites": [],
          "passes": [
            "59f8e0da-7e46-4aed-b06e-5c0b88ef8584",
            "4a950d27-3253-458c-8a83-561129850add",
            "0dda036f-af89-4371-ab96-1a78a62b91a1",
            "2f976bd8-4f48-4612-a6b2-7f061ad67af5"
          ],
          "failures": [],
          "pending": [],
          "skipped": [],
          "duration": 3201,
          "root": false,
          "rootEmpty": false,
          "_timeout": 2000
        }
      ],
      "passes": [],
      "failures": [],
      "pending": [],
      "skipped": [],
      "duration": 0,
      "root": true,
      "rootEmpty": true,
      "_timeout": 2000
    }
  ],
  "meta": {
    "mocha": {
      "version": "7.0.1"
    },
    "mochawesome": {
      "options": {
        "quiet": false,
        "reportFilename": "mochawesome",
        "saveHtml": true,
        "saveJson": true,
        "consoleReporter": "spec",
        "useInlineDiffs": false,
        "code": true
      },
      "version": "6.2.2"
    },
    "marge": {
      "options": null,
      "version": "5.2.0"
    }
  }
}