{
  "stats": {
    "suites": 1,
    "tests": 4,
    "passes": 4,
    "pending": 0,
    "failures": 0,
    "start": "2021-10-28T22:23:22.573Z",
    "end": "2021-10-28T22:23:29.995Z",
    "duration": 7422,
    "testsRegistered": 4,
    "passPercent": 100,
    "pendingPercent": 0,
    "other": 0,
    "hasOther": false,
    "skipped": 0,
    "hasSkipped": false
  },
  "results": [
    {
      "uuid": "e64e3f49-8b4b-4743-9e81-34eee6cd7959",
      "title": "",
      "fullFile": "cypress/integration/backend-auth.spec.js",
      "file": "cypress/integration/backend-auth.spec.js",
      "beforeHooks": [],
      "afterHooks": [],
      "tests": [],
      "suites": [
        {
          "uuid": "fd69c5fe-4bd9-483c-8e1f-8a812f6c4294",
          "title": "test auth",
          "fullFile": "",
          "file": "",
          "beforeHooks": [],
          "afterHooks": [],
          "tests": [
            {
              "title": "Create client",
              "fullTitle": "test auth Create client",
              "timedOut": null,
              "duration": 3255,
              "state": "passed",
              "speed": "slow",
              "pass": true,
              "fail": false,
              "pending": false,
              "context": null,
              "code": "clientHelp.createCLientRequest(cy);",
              "err": {},
              "uuid": "e54c93da-76bd-44ff-ae63-f0977c89ea5b",
              "parentUUID": "fd69c5fe-4bd9-483c-8e1f-8a812f6c4294",
              "isHook": false,
              "skipped": false
            },
            {
              "title": "Get all clients",
              "fullTitle": "test auth Get all clients",
              "timedOut": null,
              "duration": 779,
              "state": "passed",
              "speed": "slow",
              "pass": true,
              "fail": false,
              "pending": false,
              "context": null,
              "code": "clientHelp.getAllClientsRequest(cy);",
              "err": {},
              "uuid": "9dfbca51-c639-444d-811b-e2b29c6fb86a",
              "parentUUID": "fd69c5fe-4bd9-483c-8e1f-8a812f6c4294",
              "isHook": false,
              "skipped": false
            },
            {
              "title": "Create a client and remove it",
              "fullTitle": "test auth Create a client and remove it",
              "timedOut": null,
              "duration": 750,
              "state": "passed",
              "speed": "slow",
              "pass": true,
              "fail": false,
              "pending": false,
              "context": null,
              "code": "clientHelp.createCLientRequestAndDelete(cy);",
              "err": {},
              "uuid": "8ea028ea-f65c-4fcd-b15e-33d71cc015cb",
              "parentUUID": "fd69c5fe-4bd9-483c-8e1f-8a812f6c4294",
              "isHook": false,
              "skipped": false
            },
            {
              "title": "Create a client and update it",
              "fullTitle": "test auth Create a client and update it",
              "timedOut": null,
              "duration": 1621,
              "state": "passed",
              "speed": "slow",
              "pass": true,
              "fail": false,
              "pending": false,
              "context": null,
              "code": "clientHelp.createCLientRequestAndUpdate(cy);",
              "err": {},
              "uuid": "96066634-9748-4e40-9870-d3a4fc3683b1",
              "parentUUID": "fd69c5fe-4bd9-483c-8e1f-8a812f6c4294",
              "isHook": false,
              "skipped": false
            }
          ],
          "suites": [],
          "passes": [
            "e54c93da-76bd-44ff-ae63-f0977c89ea5b",
            "9dfbca51-c639-444d-811b-e2b29c6fb86a",
            "8ea028ea-f65c-4fcd-b15e-33d71cc015cb",
            "96066634-9748-4e40-9870-d3a4fc3683b1"
          ],
          "failures": [],
          "pending": [],
          "skipped": [],
          "duration": 6405,
          "root": false,
          "rootEmpty": false,
          "_timeout": 2000
        }
      ],
      "passes": [],
      "failures": [],
      "pending": [],
      "skipped": [],
      "duration": 0,
      "root": true,
      "rootEmpty": true,
      "_timeout": 2000
    }
  ],
  "meta": {
    "mocha": {
      "version": "7.0.1"
    },
    "mochawesome": {
      "options": {
        "quiet": false,
        "reportFilename": "mochawesome",
        "saveHtml": false,
        "saveJson": true,
        "consoleReporter": "spec",
        "useInlineDiffs": false,
        "code": true
      },
      "version": "6.3.1"
    },
    "marge": {
      "options": {
        "charts": true,
        "overwrite": false,
        "html": false,
        "json": true,
        "reportDir": "cypress/report/mochawesome-report"
      },
      "version": "5.2.0"
    }
  }
}