{
  "stats": {
    "suites": 1,
    "tests": 4,
    "passes": 4,
    "pending": 0,
    "failures": 0,
    "start": "2021-10-29T10:25:37.948Z",
    "end": "2021-10-29T10:25:40.986Z",
    "duration": 3038,
    "testsRegistered": 4,
    "passPercent": 100,
    "pendingPercent": 0,
    "other": 0,
    "hasOther": false,
    "skipped": 0,
    "hasSkipped": false
  },
  "results": [
    {
      "uuid": "b29e57f4-b215-431c-881d-c8dbf38a3e93",
      "title": "",
      "fullFile": "cypress/integration/backend-auth3.spec.js",
      "file": "cypress/integration/backend-auth3.spec.js",
      "beforeHooks": [],
      "afterHooks": [],
      "tests": [],
      "suites": [
        {
          "uuid": "9a835ab0-5199-4380-99d8-96d0e57d44c5",
          "title": "test auth",
          "fullFile": "",
          "file": "",
          "beforeHooks": [],
          "afterHooks": [],
          "tests": [
            {
              "title": "Create bill",
              "fullTitle": "test auth Create bill",
              "timedOut": null,
              "duration": 854,
              "state": "passed",
              "speed": "slow",
              "pass": true,
              "fail": false,
              "pending": false,
              "context": null,
              "code": "billHelp.createBillRequest(cy);",
              "err": {},
              "uuid": "426c8bc9-ffe8-4384-a686-2e9ec5ffcb65",
              "parentUUID": "9a835ab0-5199-4380-99d8-96d0e57d44c5",
              "isHook": false,
              "skipped": false
            },
            {
              "title": "Get all bills",
              "fullTitle": "test auth Get all bills",
              "timedOut": null,
              "duration": 613,
              "state": "passed",
              "speed": "slow",
              "pass": true,
              "fail": false,
              "pending": false,
              "context": null,
              "code": "billHelp.getAllBillsRequest(cy);",
              "err": {},
              "uuid": "c067cae0-31fa-4fd4-8a6b-52644f6011b8",
              "parentUUID": "9a835ab0-5199-4380-99d8-96d0e57d44c5",
              "isHook": false,
              "skipped": false
            },
            {
              "title": "Create a bill and remove it",
              "fullTitle": "test auth Create a bill and remove it",
              "timedOut": null,
              "duration": 651,
              "state": "passed",
              "speed": "slow",
              "pass": true,
              "fail": false,
              "pending": false,
              "context": null,
              "code": "billHelp.createBillRequestAndDelete(cy);",
              "err": {},
              "uuid": "0115c653-e0cc-4c36-93b4-00d1d1db3fb1",
              "parentUUID": "9a835ab0-5199-4380-99d8-96d0e57d44c5",
              "isHook": false,
              "skipped": false
            },
            {
              "title": "Create a bill and update it",
              "fullTitle": "test auth Create a bill and update it",
              "timedOut": null,
              "duration": 746,
              "state": "passed",
              "speed": "slow",
              "pass": true,
              "fail": false,
              "pending": false,
              "context": null,
              "code": "billHelp.createBillRequestAndUpdate(cy);",
              "err": {},
              "uuid": "abd6f027-5108-463a-b886-b3bf1ec3ac4e",
              "parentUUID": "9a835ab0-5199-4380-99d8-96d0e57d44c5",
              "isHook": false,
              "skipped": false
            }
          ],
          "suites": [],
          "passes": [
            "426c8bc9-ffe8-4384-a686-2e9ec5ffcb65",
            "c067cae0-31fa-4fd4-8a6b-52644f6011b8",
            "0115c653-e0cc-4c36-93b4-00d1d1db3fb1",
            "abd6f027-5108-463a-b886-b3bf1ec3ac4e"
          ],
          "failures": [],
          "pending": [],
          "skipped": [],
          "duration": 2864,
          "root": false,
          "rootEmpty": false,
          "_timeout": 2000
        }
      ],
      "passes": [],
      "failures": [],
      "pending": [],
      "skipped": [],
      "duration": 0,
      "root": true,
      "rootEmpty": true,
      "_timeout": 2000
    }
  ],
  "meta": {
    "mocha": {
      "version": "7.0.1"
    },
    "mochawesome": {
      "options": {
        "quiet": false,
        "reportFilename": "mochawesome",
        "saveHtml": false,
        "saveJson": true,
        "consoleReporter": "spec",
        "useInlineDiffs": false,
        "code": true
      },
      "version": "6.3.1"
    },
    "marge": {
      "options": {
        "charts": true,
        "overwrite": false,
        "html": false,
        "json": true,
        "reportDir": "cypress/report/mochawesome-report"
      },
      "version": "5.2.0"
    }
  }
}