{
  "stats": {
    "suites": 1,
    "tests": 4,
    "passes": 4,
    "pending": 0,
    "failures": 0,
    "start": "2021-10-17T19:29:57.445Z",
    "end": "2021-10-17T19:30:01.634Z",
    "duration": 4189,
    "testsRegistered": 4,
    "passPercent": 100,
    "pendingPercent": 0,
    "other": 0,
    "hasOther": false,
    "skipped": 0,
    "hasSkipped": false
  },
  "results": [
    {
      "uuid": "ecabd307-fb5c-4d16-bd8e-76556f9065a5",
      "title": "",
      "fullFile": "cypress/integration/backend-auth.spec.js",
      "file": "cypress/integration/backend-auth.spec.js",
      "beforeHooks": [],
      "afterHooks": [],
      "tests": [],
      "suites": [
        {
          "uuid": "023ae920-b913-4fe4-8c34-089ac9764b3f",
          "title": "test auth",
          "fullFile": "",
          "file": "",
          "beforeHooks": [],
          "afterHooks": [],
          "tests": [
            {
              "title": "Create client",
              "fullTitle": "test auth Create client",
              "timedOut": null,
              "duration": 1008,
              "state": "passed",
              "speed": "slow",
              "pass": true,
              "fail": false,
              "pending": false,
              "context": null,
              "code": "clientHelp.createCLientRequest(cy);",
              "err": {},
              "uuid": "4560ee22-0718-4289-ba34-81d1ce6f2c8a",
              "parentUUID": "023ae920-b913-4fe4-8c34-089ac9764b3f",
              "isHook": false,
              "skipped": false
            },
            {
              "title": "Get all clients",
              "fullTitle": "test auth Get all clients",
              "timedOut": null,
              "duration": 747,
              "state": "passed",
              "speed": "slow",
              "pass": true,
              "fail": false,
              "pending": false,
              "context": null,
              "code": "clientHelp.getAllClientsRequest(cy);",
              "err": {},
              "uuid": "b08f8f10-4a6d-4882-acf9-7819bb8bad4a",
              "parentUUID": "023ae920-b913-4fe4-8c34-089ac9764b3f",
              "isHook": false,
              "skipped": false
            },
            {
              "title": "Create a client and remove it",
              "fullTitle": "test auth Create a client and remove it",
              "timedOut": null,
              "duration": 1186,
              "state": "passed",
              "speed": "slow",
              "pass": true,
              "fail": false,
              "pending": false,
              "context": null,
              "code": "clientHelp.createCLientRequestAndDelete(cy);",
              "err": {},
              "uuid": "e267ffe8-3264-45a8-b09f-fc1733d2636d",
              "parentUUID": "023ae920-b913-4fe4-8c34-089ac9764b3f",
              "isHook": false,
              "skipped": false
            },
            {
              "title": "Create a client and update it",
              "fullTitle": "test auth Create a client and update it",
              "timedOut": null,
              "duration": 1032,
              "state": "passed",
              "speed": "slow",
              "pass": true,
              "fail": false,
              "pending": false,
              "context": null,
              "code": "clientHelp.createCLientRequestAndUpdate(cy);",
              "err": {},
              "uuid": "27a1a1c6-8068-4a23-9db5-d269c7c13f58",
              "parentUUID": "023ae920-b913-4fe4-8c34-089ac9764b3f",
              "isHook": false,
              "skipped": false
            }
          ],
          "suites": [],
          "passes": [
            "4560ee22-0718-4289-ba34-81d1ce6f2c8a",
            "b08f8f10-4a6d-4882-acf9-7819bb8bad4a",
            "e267ffe8-3264-45a8-b09f-fc1733d2636d",
            "27a1a1c6-8068-4a23-9db5-d269c7c13f58"
          ],
          "failures": [],
          "pending": [],
          "skipped": [],
          "duration": 3973,
          "root": false,
          "rootEmpty": false,
          "_timeout": 2000
        }
      ],
      "passes": [],
      "failures": [],
      "pending": [],
      "skipped": [],
      "duration": 0,
      "root": true,
      "rootEmpty": true,
      "_timeout": 2000
    }
  ],
  "meta": {
    "mocha": {
      "version": "7.0.1"
    },
    "mochawesome": {
      "options": {
        "quiet": false,
        "reportFilename": "mochawesome",
        "saveHtml": false,
        "saveJson": true,
        "consoleReporter": "spec",
        "useInlineDiffs": false,
        "code": true
      },
      "version": "6.2.2"
    },
    "marge": {
      "options": {
        "charts": true,
        "overwrite": false,
        "html": false,
        "json": true,
        "reportDir": "cypress/report/mochawesome-report"
      },
      "version": "5.2.0"
    }
  }
}