{
  "stats": {
    "suites": 1,
    "tests": 4,
    "passes": 4,
    "pending": 0,
    "failures": 0,
    "start": "2021-10-17T19:33:31.249Z",
    "end": "2021-10-17T19:33:35.430Z",
    "duration": 4181,
    "testsRegistered": 4,
    "passPercent": 100,
    "pendingPercent": 0,
    "other": 0,
    "hasOther": false,
    "skipped": 0,
    "hasSkipped": false
  },
  "results": [
    {
      "uuid": "5151f6be-c677-4fa7-ab77-ef6f48b5c527",
      "title": "",
      "fullFile": "cypress/integration/backend-auth3.spec.js",
      "file": "cypress/integration/backend-auth3.spec.js",
      "beforeHooks": [],
      "afterHooks": [],
      "tests": [],
      "suites": [
        {
          "uuid": "64c95bf8-ee20-4f8d-9ffe-ae25f94ef6d8",
          "title": "test auth",
          "fullFile": "",
          "file": "",
          "beforeHooks": [],
          "afterHooks": [],
          "tests": [
            {
              "title": "Create bill",
              "fullTitle": "test auth Create bill",
              "timedOut": null,
              "duration": 1931,
              "state": "passed",
              "speed": "slow",
              "pass": true,
              "fail": false,
              "pending": false,
              "context": null,
              "code": "billHelp.createBillRequest(cy);",
              "err": {},
              "uuid": "6e50c78a-4d28-4397-bda8-1cd3a2a3894d",
              "parentUUID": "64c95bf8-ee20-4f8d-9ffe-ae25f94ef6d8",
              "isHook": false,
              "skipped": false
            },
            {
              "title": "Get all bills",
              "fullTitle": "test auth Get all bills",
              "timedOut": null,
              "duration": 754,
              "state": "passed",
              "speed": "slow",
              "pass": true,
              "fail": false,
              "pending": false,
              "context": null,
              "code": "billHelp.getAllBillsRequest(cy);",
              "err": {},
              "uuid": "a01c681b-5feb-41fd-9472-c18d29c74a74",
              "parentUUID": "64c95bf8-ee20-4f8d-9ffe-ae25f94ef6d8",
              "isHook": false,
              "skipped": false
            },
            {
              "title": "Create a bill and remove it",
              "fullTitle": "test auth Create a bill and remove it",
              "timedOut": null,
              "duration": 626,
              "state": "passed",
              "speed": "slow",
              "pass": true,
              "fail": false,
              "pending": false,
              "context": null,
              "code": "billHelp.createBillRequestAndDelete(cy);",
              "err": {},
              "uuid": "db11cdcc-4211-4386-b1e8-7faa2c5591f4",
              "parentUUID": "64c95bf8-ee20-4f8d-9ffe-ae25f94ef6d8",
              "isHook": false,
              "skipped": false
            },
            {
              "title": "Create a bill and update it",
              "fullTitle": "test auth Create a bill and update it",
              "timedOut": null,
              "duration": 657,
              "state": "passed",
              "speed": "slow",
              "pass": true,
              "fail": false,
              "pending": false,
              "context": null,
              "code": "billHelp.createBillRequestAndUpdate(cy);",
              "err": {},
              "uuid": "abee3d92-dabf-404e-879b-282756c64544",
              "parentUUID": "64c95bf8-ee20-4f8d-9ffe-ae25f94ef6d8",
              "isHook": false,
              "skipped": false
            }
          ],
          "suites": [],
          "passes": [
            "6e50c78a-4d28-4397-bda8-1cd3a2a3894d",
            "a01c681b-5feb-41fd-9472-c18d29c74a74",
            "db11cdcc-4211-4386-b1e8-7faa2c5591f4",
            "abee3d92-dabf-404e-879b-282756c64544"
          ],
          "failures": [],
          "pending": [],
          "skipped": [],
          "duration": 3968,
          "root": false,
          "rootEmpty": false,
          "_timeout": 2000
        }
      ],
      "passes": [],
      "failures": [],
      "pending": [],
      "skipped": [],
      "duration": 0,
      "root": true,
      "rootEmpty": true,
      "_timeout": 2000
    }
  ],
  "meta": {
    "mocha": {
      "version": "7.0.1"
    },
    "mochawesome": {
      "options": {
        "quiet": false,
        "reportFilename": "mochawesome",
        "saveHtml": false,
        "saveJson": true,
        "consoleReporter": "spec",
        "useInlineDiffs": false,
        "code": true
      },
      "version": "6.2.2"
    },
    "marge": {
      "options": {
        "charts": true,
        "overwrite": false,
        "html": false,
        "json": true,
        "reportDir": "cypress/report/mochawesome-report"
      },
      "version": "5.2.0"
    }
  }
}