{
  "stats": {
    "suites": 1,
    "tests": 4,
    "passes": 4,
    "pending": 0,
    "failures": 0,
    "start": "2021-10-17T19:35:47.008Z",
    "end": "2021-10-17T19:35:50.373Z",
    "duration": 3365,
    "testsRegistered": 4,
    "passPercent": 100,
    "pendingPercent": 0,
    "other": 0,
    "hasOther": false,
    "skipped": 0,
    "hasSkipped": false
  },
  "results": [
    {
      "uuid": "62e0f98e-1e77-4c48-bcb4-16835a78a515",
      "title": "",
      "fullFile": "cypress/integration/backend-auth4.spec.js",
      "file": "cypress/integration/backend-auth4.spec.js",
      "beforeHooks": [],
      "afterHooks": [],
      "tests": [],
      "suites": [
        {
          "uuid": "a91d729b-b134-4ab8-942a-be3e7a4a1bf1",
          "title": "test auth",
          "fullFile": "",
          "file": "",
          "beforeHooks": [],
          "afterHooks": [],
          "tests": [
            {
              "title": "Create reservation",
              "fullTitle": "test auth Create reservation",
              "timedOut": null,
              "duration": 752,
              "state": "passed",
              "speed": "slow",
              "pass": true,
              "fail": false,
              "pending": false,
              "context": null,
              "code": "reservationHelp.createReservationRequest(cy);",
              "err": {},
              "uuid": "a25fcf1f-5970-4a94-8795-993279c0c2ee",
              "parentUUID": "a91d729b-b134-4ab8-942a-be3e7a4a1bf1",
              "isHook": false,
              "skipped": false
            },
            {
              "title": "Get all reservations",
              "fullTitle": "test auth Get all reservations",
              "timedOut": null,
              "duration": 676,
              "state": "passed",
              "speed": "slow",
              "pass": true,
              "fail": false,
              "pending": false,
              "context": null,
              "code": "reservationHelp.getAllReservationsRequest(cy);",
              "err": {},
              "uuid": "df1110e8-0db7-4256-8264-2237e0e9e417",
              "parentUUID": "a91d729b-b134-4ab8-942a-be3e7a4a1bf1",
              "isHook": false,
              "skipped": false
            },
            {
              "title": "Create a reservation and remove it",
              "fullTitle": "test auth Create a reservation and remove it",
              "timedOut": null,
              "duration": 664,
              "state": "passed",
              "speed": "slow",
              "pass": true,
              "fail": false,
              "pending": false,
              "context": null,
              "code": "reservationHelp.createReservationRequestAndDelete(cy);",
              "err": {},
              "uuid": "b3569194-a238-4524-8f3a-e033ee741439",
              "parentUUID": "a91d729b-b134-4ab8-942a-be3e7a4a1bf1",
              "isHook": false,
              "skipped": false
            },
            {
              "title": "Create a reservation and update it",
              "fullTitle": "test auth Create a reservation and update it",
              "timedOut": null,
              "duration": 1042,
              "state": "passed",
              "speed": "slow",
              "pass": true,
              "fail": false,
              "pending": false,
              "context": null,
              "code": "reservationHelp.createReservationRequestAndUpdate(cy);",
              "err": {},
              "uuid": "b0f0c98d-3ed7-46c2-8f84-f4283fd08a53",
              "parentUUID": "a91d729b-b134-4ab8-942a-be3e7a4a1bf1",
              "isHook": false,
              "skipped": false
            }
          ],
          "suites": [],
          "passes": [
            "a25fcf1f-5970-4a94-8795-993279c0c2ee",
            "df1110e8-0db7-4256-8264-2237e0e9e417",
            "b3569194-a238-4524-8f3a-e033ee741439",
            "b0f0c98d-3ed7-46c2-8f84-f4283fd08a53"
          ],
          "failures": [],
          "pending": [],
          "skipped": [],
          "duration": 3134,
          "root": false,
          "rootEmpty": false,
          "_timeout": 2000
        }
      ],
      "passes": [],
      "failures": [],
      "pending": [],
      "skipped": [],
      "duration": 0,
      "root": true,
      "rootEmpty": true,
      "_timeout": 2000
    }
  ],
  "meta": {
    "mocha": {
      "version": "7.0.1"
    },
    "mochawesome": {
      "options": {
        "quiet": false,
        "reportFilename": "mochawesome",
        "saveHtml": false,
        "saveJson": true,
        "consoleReporter": "spec",
        "useInlineDiffs": false,
        "code": true
      },
      "version": "6.2.2"
    },
    "marge": {
      "options": {
        "charts": true,
        "overwrite": false,
        "html": false,
        "json": true,
        "reportDir": "cypress/report/mochawesome-report"
      },
      "version": "5.2.0"
    }
  }
}