{
  "stats": {
    "suites": 1,
    "tests": 4,
    "passes": 4,
    "pending": 0,
    "failures": 0,
    "start": "2021-10-29T21:16:55.077Z",
    "end": "2021-10-29T21:16:59.230Z",
    "duration": 4153,
    "testsRegistered": 4,
    "passPercent": 100,
    "pendingPercent": 0,
    "other": 0,
    "hasOther": false,
    "skipped": 0,
    "hasSkipped": false
  },
  "results": [
    {
      "uuid": "b4bf77f0-e81e-470b-9784-de3a396e4739",
      "title": "",
      "fullFile": "cypress/integration/backend-auth4.spec.js",
      "file": "cypress/integration/backend-auth4.spec.js",
      "beforeHooks": [],
      "afterHooks": [],
      "tests": [],
      "suites": [
        {
          "uuid": "b96838fe-8c45-4b3a-9ee2-b3470b4a54f5",
          "title": "test auth",
          "fullFile": "",
          "file": "",
          "beforeHooks": [],
          "afterHooks": [],
          "tests": [
            {
              "title": "Create reservation",
              "fullTitle": "test auth Create reservation",
              "timedOut": null,
              "duration": 1041,
              "state": "passed",
              "speed": "slow",
              "pass": true,
              "fail": false,
              "pending": false,
              "context": null,
              "code": "reservationHelp.createReservationRequest(cy);",
              "err": {},
              "uuid": "783d0ca3-4947-4d49-aa34-711b0563549f",
              "parentUUID": "b96838fe-8c45-4b3a-9ee2-b3470b4a54f5",
              "isHook": false,
              "skipped": false
            },
            {
              "title": "Get all reservations",
              "fullTitle": "test auth Get all reservations",
              "timedOut": null,
              "duration": 758,
              "state": "passed",
              "speed": "slow",
              "pass": true,
              "fail": false,
              "pending": false,
              "context": null,
              "code": "reservationHelp.getAllReservationsRequest(cy);",
              "err": {},
              "uuid": "d05ac377-464a-4db8-9389-8a2b6d762be4",
              "parentUUID": "b96838fe-8c45-4b3a-9ee2-b3470b4a54f5",
              "isHook": false,
              "skipped": false
            },
            {
              "title": "Create a reservation and remove one",
              "fullTitle": "test auth Create a reservation and remove one",
              "timedOut": null,
              "duration": 1328,
              "state": "passed",
              "speed": "slow",
              "pass": true,
              "fail": false,
              "pending": false,
              "context": null,
              "code": "reservationHelp.createReservationRequestAndDeleteone(cy);",
              "err": {},
              "uuid": "58d09031-4361-4948-844b-445e1925c0bd",
              "parentUUID": "b96838fe-8c45-4b3a-9ee2-b3470b4a54f5",
              "isHook": false,
              "skipped": false
            },
            {
              "title": "Create a reservation and update one",
              "fullTitle": "test auth Create a reservation and update one",
              "timedOut": null,
              "duration": 657,
              "state": "passed",
              "speed": "slow",
              "pass": true,
              "fail": false,
              "pending": false,
              "context": null,
              "code": "reservationHelp.createReservationRequestAndUpdateone(cy);",
              "err": {},
              "uuid": "dfb1fef0-223a-432c-b122-3f7f9989fcad",
              "parentUUID": "b96838fe-8c45-4b3a-9ee2-b3470b4a54f5",
              "isHook": false,
              "skipped": false
            }
          ],
          "suites": [],
          "passes": [
            "783d0ca3-4947-4d49-aa34-711b0563549f",
            "d05ac377-464a-4db8-9389-8a2b6d762be4",
            "58d09031-4361-4948-844b-445e1925c0bd",
            "dfb1fef0-223a-432c-b122-3f7f9989fcad"
          ],
          "failures": [],
          "pending": [],
          "skipped": [],
          "duration": 3784,
          "root": false,
          "rootEmpty": false,
          "_timeout": 2000
        }
      ],
      "passes": [],
      "failures": [],
      "pending": [],
      "skipped": [],
      "duration": 0,
      "root": true,
      "rootEmpty": true,
      "_timeout": 2000
    }
  ],
  "meta": {
    "mocha": {
      "version": "7.0.1"
    },
    "mochawesome": {
      "options": {
        "quiet": false,
        "reportFilename": "mochawesome",
        "saveHtml": false,
        "saveJson": true,
        "consoleReporter": "spec",
        "useInlineDiffs": false,
        "code": true
      },
      "version": "6.3.1"
    },
    "marge": {
      "options": {
        "charts": true,
        "overwrite": false,
        "html": false,
        "json": true,
        "reportDir": "cypress/report/mochawesome-report"
      },
      "version": "5.2.0"
    }
  }
}