{
  "stats": {
    "suites": 1,
    "tests": 4,
    "passes": 4,
    "pending": 0,
    "failures": 0,
    "start": "2021-10-29T21:13:02.573Z",
    "end": "2021-10-29T21:13:07.040Z",
    "duration": 4467,
    "testsRegistered": 4,
    "passPercent": 100,
    "pendingPercent": 0,
    "other": 0,
    "hasOther": false,
    "skipped": 0,
    "hasSkipped": false
  },
  "results": [
    {
      "uuid": "dc2e603d-4f24-4e3d-8b79-6ee9a359b515",
      "title": "",
      "fullFile": "cypress/integration/backend-auth2.spec.js",
      "file": "cypress/integration/backend-auth2.spec.js",
      "beforeHooks": [],
      "afterHooks": [],
      "tests": [],
      "suites": [
        {
          "uuid": "7402db16-26b0-47a7-b678-8f494a6efd46",
          "title": "test auth",
          "fullFile": "",
          "file": "",
          "beforeHooks": [],
          "afterHooks": [],
          "tests": [
            {
              "title": "Create room",
              "fullTitle": "test auth Create room",
              "timedOut": null,
              "duration": 946,
              "state": "passed",
              "speed": "slow",
              "pass": true,
              "fail": false,
              "pending": false,
              "context": null,
              "code": "roomHelp.createRoomRequest(cy);",
              "err": {},
              "uuid": "158b97ca-9719-47b9-b523-f962df50a83c",
              "parentUUID": "7402db16-26b0-47a7-b678-8f494a6efd46",
              "isHook": false,
              "skipped": false
            },
            {
              "title": "Get all rooms",
              "fullTitle": "test auth Get all rooms",
              "timedOut": null,
              "duration": 645,
              "state": "passed",
              "speed": "slow",
              "pass": true,
              "fail": false,
              "pending": false,
              "context": null,
              "code": "roomHelp.getAllRoomsRequest(cy);",
              "err": {},
              "uuid": "11e9da56-ba82-4d7f-a99c-537eff2228cc",
              "parentUUID": "7402db16-26b0-47a7-b678-8f494a6efd46",
              "isHook": false,
              "skipped": false
            },
            {
              "title": "Create a room and remove one",
              "fullTitle": "test auth Create a room and remove one",
              "timedOut": null,
              "duration": 1919,
              "state": "passed",
              "speed": "slow",
              "pass": true,
              "fail": false,
              "pending": false,
              "context": null,
              "code": "roomHelp.createRoomRequestAndDeleteone(cy);",
              "err": {},
              "uuid": "3ddb42e5-2dd0-4ddc-b5d0-f70589e2a8f5",
              "parentUUID": "7402db16-26b0-47a7-b678-8f494a6efd46",
              "isHook": false,
              "skipped": false
            },
            {
              "title": "Create a room and update one",
              "fullTitle": "test auth Create a room and update one",
              "timedOut": null,
              "duration": 751,
              "state": "passed",
              "speed": "slow",
              "pass": true,
              "fail": false,
              "pending": false,
              "context": null,
              "code": "roomHelp.createRoomRequestAndUpdateone(cy);",
              "err": {},
              "uuid": "8bcbc663-9ef3-4e40-a339-689e5ef8df3f",
              "parentUUID": "7402db16-26b0-47a7-b678-8f494a6efd46",
              "isHook": false,
              "skipped": false
            }
          ],
          "suites": [],
          "passes": [
            "158b97ca-9719-47b9-b523-f962df50a83c",
            "11e9da56-ba82-4d7f-a99c-537eff2228cc",
            "3ddb42e5-2dd0-4ddc-b5d0-f70589e2a8f5",
            "8bcbc663-9ef3-4e40-a339-689e5ef8df3f"
          ],
          "failures": [],
          "pending": [],
          "skipped": [],
          "duration": 4261,
          "root": false,
          "rootEmpty": false,
          "_timeout": 2000
        }
      ],
      "passes": [],
      "failures": [],
      "pending": [],
      "skipped": [],
      "duration": 0,
      "root": true,
      "rootEmpty": true,
      "_timeout": 2000
    }
  ],
  "meta": {
    "mocha": {
      "version": "7.0.1"
    },
    "mochawesome": {
      "options": {
        "quiet": false,
        "reportFilename": "mochawesome",
        "saveHtml": false,
        "saveJson": true,
        "consoleReporter": "spec",
        "useInlineDiffs": false,
        "code": true
      },
      "version": "6.3.1"
    },
    "marge": {
      "options": {
        "charts": true,
        "overwrite": false,
        "html": false,
        "json": true,
        "reportDir": "cypress/report/mochawesome-report"
      },
      "version": "5.2.0"
    }
  }
}