{
  "stats": {
    "suites": 1,
    "tests": 4,
    "passes": 4,
    "pending": 0,
    "failures": 0,
    "start": "2021-10-29T10:23:56.457Z",
    "end": "2021-10-29T10:24:01.090Z",
    "duration": 4633,
    "testsRegistered": 4,
    "passPercent": 100,
    "pendingPercent": 0,
    "other": 0,
    "hasOther": false,
    "skipped": 0,
    "hasSkipped": false
  },
  "results": [
    {
      "uuid": "3fdc373f-f2d1-4dfe-ab00-eb7579d28ce6",
      "title": "",
      "fullFile": "cypress/integration/backend-auth2.spec.js",
      "file": "cypress/integration/backend-auth2.spec.js",
      "beforeHooks": [],
      "afterHooks": [],
      "tests": [],
      "suites": [
        {
          "uuid": "f8acf6f3-145d-406d-a4e9-e585fe7f3ced",
          "title": "test auth",
          "fullFile": "",
          "file": "",
          "beforeHooks": [],
          "afterHooks": [],
          "tests": [
            {
              "title": "Create room",
              "fullTitle": "test auth Create room",
              "timedOut": null,
              "duration": 1004,
              "state": "passed",
              "speed": "slow",
              "pass": true,
              "fail": false,
              "pending": false,
              "context": null,
              "code": "roomHelp.createRoomRequest(cy);",
              "err": {},
              "uuid": "ec117caa-e228-48b2-a175-cdd18723294f",
              "parentUUID": "f8acf6f3-145d-406d-a4e9-e585fe7f3ced",
              "isHook": false,
              "skipped": false
            },
            {
              "title": "Get all rooms",
              "fullTitle": "test auth Get all rooms",
              "timedOut": null,
              "duration": 651,
              "state": "passed",
              "speed": "slow",
              "pass": true,
              "fail": false,
              "pending": false,
              "context": null,
              "code": "roomHelp.getAllRoomsRequest(cy);",
              "err": {},
              "uuid": "c2384597-94b5-4e7d-aa06-a24901a08f47",
              "parentUUID": "f8acf6f3-145d-406d-a4e9-e585fe7f3ced",
              "isHook": false,
              "skipped": false
            },
            {
              "title": "Create a room and remove it",
              "fullTitle": "test auth Create a room and remove it",
              "timedOut": null,
              "duration": 1073,
              "state": "passed",
              "speed": "slow",
              "pass": true,
              "fail": false,
              "pending": false,
              "context": null,
              "code": "roomHelp.createRoomRequestAndDelete(cy);",
              "err": {},
              "uuid": "9b8fab65-7b30-4e94-921d-6615fbeff570",
              "parentUUID": "f8acf6f3-145d-406d-a4e9-e585fe7f3ced",
              "isHook": false,
              "skipped": false
            },
            {
              "title": "Create a room and update it",
              "fullTitle": "test auth Create a room and update it",
              "timedOut": null,
              "duration": 1623,
              "state": "passed",
              "speed": "slow",
              "pass": true,
              "fail": false,
              "pending": false,
              "context": null,
              "code": "roomHelp.createRoomRequestAndUpdate(cy);",
              "err": {},
              "uuid": "cd43f660-49f2-43fb-9ea7-ec46149e88c7",
              "parentUUID": "f8acf6f3-145d-406d-a4e9-e585fe7f3ced",
              "isHook": false,
              "skipped": false
            }
          ],
          "suites": [],
          "passes": [
            "ec117caa-e228-48b2-a175-cdd18723294f",
            "c2384597-94b5-4e7d-aa06-a24901a08f47",
            "9b8fab65-7b30-4e94-921d-6615fbeff570",
            "cd43f660-49f2-43fb-9ea7-ec46149e88c7"
          ],
          "failures": [],
          "pending": [],
          "skipped": [],
          "duration": 4351,
          "root": false,
          "rootEmpty": false,
          "_timeout": 2000
        }
      ],
      "passes": [],
      "failures": [],
      "pending": [],
      "skipped": [],
      "duration": 0,
      "root": true,
      "rootEmpty": true,
      "_timeout": 2000
    }
  ],
  "meta": {
    "mocha": {
      "version": "7.0.1"
    },
    "mochawesome": {
      "options": {
        "quiet": false,
        "reportFilename": "mochawesome",
        "saveHtml": false,
        "saveJson": true,
        "consoleReporter": "spec",
        "useInlineDiffs": false,
        "code": true
      },
      "version": "6.3.1"
    },
    "marge": {
      "options": {
        "charts": true,
        "overwrite": false,
        "html": false,
        "json": true,
        "reportDir": "cypress/report/mochawesome-report"
      },
      "version": "5.2.0"
    }
  }
}